<?xml version="1.0" encoding="UTF-8"?>
<!-- Generated by org.testng.reporters.JUnitXMLReporter -->
<testsuite ignored="0" hostname="CNG-LAP-448" failures="1" tests="2" name=" Error Validation " time="18.056" errors="0" timestamp="2025-11-25T11:08:33 IST">
  <testcase classname="rahulshettyacademy.SeleniumFrameWork.ErrorValidation" name="loginerrorvalidation" time="1.245">
    <failure type="java.lang.AssertionError" message="expected [Incorrect email or password.] but found [Incorrect email password.]">
      <![CDATA[java.lang.AssertionError: expected [Incorrect email or password.] but found [Incorrect email password.]
at rahulshettyacademy.SeleniumFrameWork.ErrorValidation.loginerrorvalidation(ErrorValidation.java:20)
at java.base/java.util.ArrayList.forEach(ArrayList.java:1604)
at java.base/java.util.concurrent.FutureTask.run(FutureTask.java:328)
at java.base/java.util.concurrent.ThreadPoolExecutor.runWorker(ThreadPoolExecutor.java:1090)
at java.base/java.util.concurrent.ThreadPoolExecutor$Worker.run(ThreadPoolExecutor.java:614)
at java.base/java.lang.Thread.run(Thread.java:1474)
... Removed 21 stack frames]]>
    </failure>
  </testcase> <!-- loginerrorvalidation -->
  <testcase classname="rahulshettyacademy.SeleniumFrameWork.ErrorValidation" name="producterrorvalidation" time="1.485"/>
</testsuite> <!--  Error Validation  -->
