<?xml version="1.0" encoding="UTF-8"?>
<!-- Generated by org.testng.reporters.JUnitXMLReporter -->
<testsuite ignored="0" hostname="CNG-LAP-448" failures="0" tests="3" name="Submit Order" time="32.278" errors="0" timestamp="2025-11-25T11:08:46 IST">
  <testcase classname="rahulshettyacademy.SeleniumFrameWork.SubmitOrderTest" name="Submitorder" time="5.958"/>
  <testcase classname="rahulshettyacademy.SeleniumFrameWork.SubmitOrderTest" name="Submitorder" time="4.555"/>
  <testcase classname="rahulshettyacademy.SeleniumFrameWork.SubmitOrderTest" name="OrderHistoryTest" time="2.781"/>
</testsuite> <!-- Submit Order -->
