<?xml version="1.0" encoding="UTF-8"?>
<!-- Generated by org.testng.reporters.JUnitXMLReporter -->
<testsuite ignored="1" hostname="CNG-LAP-448" failures="0" tests="1" name=" Error Validation " time="4.528" errors="0" timestamp="2025-11-26T07:33:22 IST">
  <testcase classname="rahulshettyacademy.SeleniumFrameWork.ErrorValidation" name="producterrorvalidation" time="1.096"/>
  <testcase classname="rahulshettyacademy.SeleniumFrameWork.ErrorValidation" name="loginerrorvalidation" time="0.0">
    <ignored/>
  </testcase> <!-- loginerrorvalidation -->
</testsuite> <!--  Error Validation  -->
