<?xml version="1.0" encoding="UTF-8"?>
<!-- Generated by org.testng.reporters.JUnitXMLReporter -->
<testsuite ignored="2" hostname="CNG-LAP-448" failures="0" tests="0" time="0.021" errors="0" timestamp="2025-11-26T07:33:18 IST">
  <testcase classname="rahulshettyacademy.SeleniumFrameWork.SubmitOrderTest" name="Submitorder" time="0.0">
    <ignored/>
  </testcase> <!-- Submitorder -->
  <testcase classname="rahulshettyacademy.SeleniumFrameWork.SubmitOrderTest" name="OrderHistoryTest" time="0.0">
    <ignored/>
  </testcase> <!-- OrderHistoryTest -->
</testsuite>
