<?xml version="1.0" encoding="UTF-8"?>
<testng-results ignored="3" total="4" passed="1" failed="0" skipped="0">
  <reporter-output>
  </reporter-output>
  <suite started-at="2025-11-26T07:33:18 IST" name="Suite" finished-at="2025-11-26T07:33:22 IST" duration-ms="4605">
    <groups>
      <group name="ErrorHandling">
        <method signature="ErrorValidation.producterrorvalidation()[pri:0, instance:rahulshettyacademy.SeleniumFrameWork.ErrorValidation@5c6648b0]" name="producterrorvalidation" class="rahulshettyacademy.SeleniumFrameWork.ErrorValidation"/>
      </group> <!-- ErrorHandling -->
    </groups>
    <test started-at="2025-11-26T07:33:18 IST" name="Submit Order" finished-at="2025-11-26T07:33:18 IST" duration-ms="21">
    </test> <!-- Submit Order -->
    <test started-at="2025-11-26T07:33:18 IST" name=" Error Validation " finished-at="2025-11-26T07:33:22 IST" duration-ms="4528">
      <class name="rahulshettyacademy.SeleniumFrameWork.ErrorValidation">
        <test-method is-config="true" signature="launchApplication()[pri:0, instance:rahulshettyacademy.SeleniumFrameWork.ErrorValidation@5c6648b0]" started-at="2025-11-26T07:33:18 IST" name="launchApplication" finished-at="2025-11-26T07:33:21 IST" duration-ms="3238" status="PASS">
          <reporter-output>
          </reporter-output>
        </test-method> <!-- launchApplication -->
        <test-method signature="producterrorvalidation()[pri:0, instance:rahulshettyacademy.SeleniumFrameWork.ErrorValidation@5c6648b0]" started-at="2025-11-26T07:33:21 IST" name="producterrorvalidation" finished-at="2025-11-26T07:33:22 IST" duration-ms="1096" status="PASS">
          <reporter-output>
          </reporter-output>
        </test-method> <!-- producterrorvalidation -->
        <test-method is-config="true" signature="teardown()[pri:0, instance:rahulshettyacademy.SeleniumFrameWork.ErrorValidation@5c6648b0]" started-at="2025-11-26T07:33:22 IST" name="teardown" finished-at="2025-11-26T07:33:22 IST" duration-ms="149" status="PASS">
          <reporter-output>
          </reporter-output>
        </test-method> <!-- teardown -->
      </class> <!-- rahulshettyacademy.SeleniumFrameWork.ErrorValidation -->
    </test> <!--  Error Validation  -->
  </suite> <!-- Suite -->
</testng-results>
