<?xml version="1.0" encoding="UTF-8"?>
<!-- Generated by org.testng.reporters.JUnitReportReporter -->
<testsuite hostname="CNG-LAP-448" failures="0" tests="3" name="rahulshettyacademy.SeleniumFrameWork.SubmitOrderTest" time="31.783" errors="0" timestamp="2025-11-25T11:08:46 IST" skipped="0">
  <testcase classname="rahulshettyacademy.SeleniumFrameWork.SubmitOrderTest" name="Submitorder" time="8.593"/>
  <testcase classname="rahulshettyacademy.SeleniumFrameWork.SubmitOrderTest" name="OrderHistoryTest" time="13.922"/>
  <testcase classname="rahulshettyacademy.SeleniumFrameWork.SubmitOrderTest" name="Submitorder" time="9.268"/>
</testsuite> <!-- rahulshettyacademy.SeleniumFrameWork.SubmitOrderTest -->
