<?xml version="1.0" encoding="UTF-8"?>
<!-- Generated by org.testng.reporters.JUnitReportReporter -->
<testsuite hostname="CNG-LAP-448" failures="0" tests="2" name="rahulshettyacademy.SeleniumFrameWork.SubmitOrderTest" time="16.106" errors="0" timestamp="2025-11-26T07:32:49 IST" skipped="0">
  <testcase classname="rahulshettyacademy.SeleniumFrameWork.SubmitOrderTest" name="Submitorder" time="8.319"/>
  <testcase classname="rahulshettyacademy.SeleniumFrameWork.SubmitOrderTest" name="Submitorder" time="7.787"/>
</testsuite> <!-- rahulshettyacademy.SeleniumFrameWork.SubmitOrderTest -->
